<?xml version="1.0" encoding="UTF-8"?>
<!-- Generated by org.testng.reporters.JUnitReportReporter -->
<testsuite hostname="DESKTOP-PEA8M62" failures="0" tests="1" name="testCases.Tc_002_Login" time="4.614" errors="0" timestamp="2021-03-25T20:17:58 GMT" skipped="0">
  <testcase classname="testCases.Tc_002_Login" name="testLogin" time="4.614"/>
  <system-out/>
</testsuite> <!-- testCases.Tc_002_Login -->
