<?xml version="1.0" encoding="UTF-8"?>
<!-- Generated by org.testng.reporters.JUnitReportReporter -->
<testsuite hostname="DESKTOP-PEA8M62" failures="0" tests="3" name="testCases.Tc_001_AccountRegistration" time="22.601" errors="0" timestamp="2021-03-25T20:18:40 GMT" skipped="0">
  <testcase classname="testCases.Tc_001_AccountRegistration" name="test_account_Registration" time="8.900"/>
  <system-out/>
  <testcase classname="testCases.Tc_001_AccountRegistration" name="test_account_Registration" time="8.928"/>
  <system-out/>
  <testcase classname="testCases.Tc_001_AccountRegistration" name="test_account_Registration" time="4.773"/>
  <system-out/>
</testsuite> <!-- testCases.Tc_001_AccountRegistration -->
