<?xml version="1.0" encoding="UTF-8"?>
<!-- Generated by org.testng.reporters.JUnitReportReporter -->
<testsuite hostname="DESKTOP-PEA8M62" failures="0" tests="4" name="testCases.Tc_003_LoginDDT" time="43.416" errors="0" timestamp="2021-03-25T14:40:26 GMT" skipped="0">
  <testcase classname="testCases.Tc_003_LoginDDT" name="test_LoginDDT" time="12.757"/>
  <system-out/>
  <testcase classname="testCases.Tc_003_LoginDDT" name="test_LoginDDT" time="5.189"/>
  <system-out/>
  <testcase classname="testCases.Tc_003_LoginDDT" name="test_LoginDDT" time="12.725"/>
  <system-out/>
  <testcase classname="testCases.Tc_003_LoginDDT" name="test_LoginDDT" time="12.745"/>
  <system-out/>
</testsuite> <!-- testCases.Tc_003_LoginDDT -->
